<?xml version="1.0" encoding="utf-8"?><testsuites name="pytest tests"><testsuite name="pytest" errors="0" failures="0" skipped="0" tests="16" time="4.441" timestamp="2026-03-30T17:15:40.276167+00:00" hostname="agent-env-9ae1a19b-1d34-4f34-a96f-5b570c7270fb"><testcase classname="tests.test_fitsync_api.TestHealth" name="test_api_health" time="0.409" /><testcase classname="tests.test_fitsync_api.TestAuth" name="test_register_new_user" time="0.585" /><testcase classname="tests.test_fitsync_api.TestAuth" name="test_login_owner" time="0.512" /><testcase classname="tests.test_fitsync_api.TestAuth" name="test_login_admin" time="0.816" /><testcase classname="tests.test_fitsync_api.TestAuth" name="test_login_staff" time="0.283" /><testcase classname="tests.test_fitsync_api.TestAuth" name="test_login_member" time="0.315" /><testcase classname="tests.test_fitsync_api.TestAuth" name="test_auth_me_with_bearer_token" time="0.334" /><testcase classname="tests.test_fitsync_api.TestAuth" name="test_login_invalid_credentials" time="0.052" /><testcase classname="tests.test_fitsync_api.TestGym" name="test_get_gym_info" time="0.067" /><testcase classname="tests.test_fitsync_api.TestMembers" name="test_get_members_list" time="0.057" /><testcase classname="tests.test_fitsync_api.TestPlans" name="test_get_plans" time="0.054" /><testcase classname="tests.test_fitsync_api.TestAttendance" name="test_scan_attendance_manual" time="0.340" /><testcase classname="tests.test_fitsync_api.TestAnalytics" name="test_get_kpis" time="0.057" /><testcase classname="tests.test_fitsync_api.TestCashRequests" name="test_get_cash_requests" time="0.062" /><testcase classname="tests.test_fitsync_api.TestAdmin" name="test_admin_stats" time="0.335" /><testcase classname="tests.test_fitsync_api.TestAdmin" name="test_admin_stats_forbidden_for_owner" time="0.053" /></testsuite></testsuites>